<?xml version="1.0" encoding="UTF-8"?>
<!-- Generated by org.testng.reporters.JUnitReportReporter -->
<testsuite skipped="0" hostname="DESKTOP-VD74DVK" name="firstDemo.NewTest" tests="1" failures="0" timestamp="07 Jan 2020 03:55:36 GMT" time="15.070" errors="0">
  <testcase name="testEasy" time="15.070" classname="firstDemo.NewTest"/>
</testsuite> <!-- firstDemo.NewTest -->
