<?xml version="1.0" encoding="UTF-8"?>
<!-- Generated by org.testng.reporters.JUnitReportReporter -->
<testsuite skipped="0" hostname="DESKTOP-VD74DVK" name="firstDemo.NewTest" tests="1" failures="0" timestamp="14 Feb 2020 04:24:36 GMT" time="15.222" errors="0">
  <testcase name="testEasy" time="15.222" classname="firstDemo.NewTest"/>
</testsuite> <!-- firstDemo.NewTest -->
